This is pdfTeX, Version 3.141592653-2.6-1.40.26 (TeX Live 2024) (preloaded format=pdflatex 2024.8.16)  17 OCT 2024 13:00
entering extended mode
 restricted \write18 enabled.
 file:line:error style messages enabled.
 %&-line parsing enabled.
**d:/Projects/decsi-presentation/main.tex
(d:/Projects/decsi-presentation/main.tex
LaTeX2e <2024-06-01> patch level 2
L3 programming layer <2024-07-20>
(d:/Program Files (x86)/texlive/2024/texmf-dist/tex/latex/beamer/beamer.cls
Document Class: beamer 2024/01/06 v3.71 A class for typesetting presentations
(d:/Program Files (x86)/texlive/2024/texmf-dist/tex/latex/beamer/beamerbasemodes.sty (d:/Program Files (x86)/texlive/2024/texmf-dist/tex/latex/etoolbox/etoolbox.sty
Package: etoolbox 2020/10/05 v2.5k e-TeX tools for LaTeX (JAW)
\etb@tempcnta=\count194
)
\beamer@tempbox=\box52
\beamer@tempcount=\count195
\c@beamerpauses=\count196
 (d:/Program Files (x86)/texlive/2024/texmf-dist/tex/latex/beamer/beamerbasedecode.sty
\beamer@slideinframe=\count197
\beamer@minimum=\count198
\beamer@decode@box=\box53
)
\beamer@commentbox=\box54
\beamer@modecount=\count199
) (d:/Program Files (x86)/texlive/2024/texmf-dist/tex/generic/iftex/iftex.sty
Package: iftex 2022/02/03 v1.0f TeX engine tests
)
\headdp=\dimen141
\footheight=\dimen142
\sidebarheight=\dimen143
\beamer@tempdim=\dimen144
\beamer@finalheight=\dimen145
\beamer@animht=\dimen146
\beamer@animdp=\dimen147
\beamer@animwd=\dimen148
\beamer@leftmargin=\dimen149
\beamer@rightmargin=\dimen150
\beamer@leftsidebar=\dimen151
\beamer@rightsidebar=\dimen152
\beamer@boxsize=\dimen153
\beamer@vboxoffset=\dimen154
\beamer@descdefault=\dimen155
\beamer@descriptionwidth=\dimen156
\beamer@lastskip=\skip49
\beamer@areabox=\box55
\beamer@animcurrent=\box56
\beamer@animshowbox=\box57
\beamer@sectionbox=\box58
\beamer@logobox=\box59
\beamer@linebox=\box60
\beamer@sectioncount=\count266
\beamer@subsubsectionmax=\count267
\beamer@subsectionmax=\count268
\beamer@sectionmax=\count269
\beamer@totalheads=\count270
\beamer@headcounter=\count271
\beamer@partstartpage=\count272
\beamer@sectionstartpage=\count273
\beamer@subsectionstartpage=\count274
\beamer@animationtempa=\count275
\beamer@animationtempb=\count276
\beamer@xpos=\count277
\beamer@ypos=\count278
\beamer@ypos@offset=\count279
\beamer@showpartnumber=\count280
\beamer@currentsubsection=\count281
\beamer@coveringdepth=\count282
\beamer@sectionadjust=\count283
\beamer@toclastsection=\count284
\beamer@tocsectionnumber=\count285
 (d:/Program Files (x86)/texlive/2024/texmf-dist/tex/latex/beamer/beamerbaseoptions.sty (d:/Program Files (x86)/texlive/2024/texmf-dist/tex/latex/graphics/keyval.sty
Package: keyval 2022/05/29 v1.15 key=value parser (DPC)
\KV@toks@=\toks17
))
\beamer@paperwidth=\skip50
\beamer@paperheight=\skip51
 (d:/Program Files (x86)/texlive/2024/texmf-dist/tex/latex/geometry/geometry.sty
Package: geometry 2020/01/02 v5.9 Page Geometry
 (d:/Program Files (x86)/texlive/2024/texmf-dist/tex/generic/iftex/ifvtex.sty
Package: ifvtex 2019/10/25 v1.7 ifvtex legacy package. Use iftex instead.
)
\Gm@cnth=\count286
\Gm@cntv=\count287
\c@Gm@tempcnt=\count288
\Gm@bindingoffset=\dimen157
\Gm@wd@mp=\dimen158
\Gm@odd@mp=\dimen159
\Gm@even@mp=\dimen160
\Gm@layoutwidth=\dimen161
\Gm@layoutheight=\dimen162
\Gm@layouthoffset=\dimen163
\Gm@layoutvoffset=\dimen164
\Gm@dimlist=\toks18
) (d:/Program Files (x86)/texlive/2024/texmf-dist/tex/latex/pgf/math/pgfmath.sty (d:/Program Files (x86)/texlive/2024/texmf-dist/tex/latex/pgf/utilities/pgfrcs.sty (d:/Program Files (x86)/texlive/2024/texmf-dist/tex/generic/pgf/utilities/pgfutil-common.tex
\pgfutil@everybye=\toks19
\pgfutil@tempdima=\dimen165
\pgfutil@tempdimb=\dimen166
) (d:/Program Files (x86)/texlive/2024/texmf-dist/tex/generic/pgf/utilities/pgfutil-latex.def
\pgfutil@abb=\box61
) (d:/Program Files (x86)/texlive/2024/texmf-dist/tex/generic/pgf/utilities/pgfrcs.code.tex (d:/Program Files (x86)/texlive/2024/texmf-dist/tex/generic/pgf/pgf.revision.tex)
Package: pgfrcs 2023-01-15 v3.1.10 (3.1.10)
)) (d:/Program Files (x86)/texlive/2024/texmf-dist/tex/latex/pgf/utilities/pgfkeys.sty (d:/Program Files (x86)/texlive/2024/texmf-dist/tex/generic/pgf/utilities/pgfkeys.code.tex
\pgfkeys@pathtoks=\toks20
\pgfkeys@temptoks=\toks21
 (d:/Program Files (x86)/texlive/2024/texmf-dist/tex/generic/pgf/utilities/pgfkeyslibraryfiltered.code.tex
\pgfkeys@tmptoks=\toks22
))) (d:/Program Files (x86)/texlive/2024/texmf-dist/tex/generic/pgf/math/pgfmath.code.tex (d:/Program Files (x86)/texlive/2024/texmf-dist/tex/generic/pgf/math/pgfmathutil.code.tex
\pgf@x=\dimen167
\pgf@xa=\dimen168
\pgf@xb=\dimen169
\pgf@xc=\dimen170
\pgf@y=\dimen171
\pgf@ya=\dimen172
\pgf@yb=\dimen173
\pgf@yc=\dimen174
\c@pgf@counta=\count289
\c@pgf@countb=\count290
\c@pgf@countc=\count291
\c@pgf@countd=\count292
) (d:/Program Files (x86)/texlive/2024/texmf-dist/tex/generic/pgf/math/pgfmathparser.code.tex
\pgfmath@dimen=\dimen175
\pgfmath@count=\count293
\pgfmath@box=\box62
\pgfmath@toks=\toks23
\pgfmath@stack@operand=\toks24
\pgfmath@stack@operation=\toks25
) (d:/Program Files (x86)/texlive/2024/texmf-dist/tex/generic/pgf/math/pgfmathfunctions.code.tex) (d:/Program Files (x86)/texlive/2024/texmf-dist/tex/generic/pgf/math/pgfmathfunctions.basic.code.tex) (d:/Program Files (x86)/texlive/2024/texmf-dist/tex/generic/pgf/math/pgfmathfunctions.trigonometric.code.tex) (d:/Program Files (x86)/texlive/2024/texmf-dist/tex/generic/pgf/math/pgfmathfunctions.random.code.tex) (d:/Program Files (x86)/texlive/2024/texmf-dist/tex/generic/pgf/math/pgfmathfunctions.comparison.code.tex) (d:/Program Files (x86)/texlive/2024/texmf-dist/tex/generic/pgf/math/pgfmathfunctions.base.code.tex) (d:/Program Files (x86)/texlive/2024/texmf-dist/tex/generic/pgf/math/pgfmathfunctions.round.code.tex) (d:/Program Files (x86)/texlive/2024/texmf-dist/tex/generic/pgf/math/pgfmathfunctions.misc.code.tex) (d:/Program Files (x86)/texlive/2024/texmf-dist/tex/generic/pgf/math/pgfmathfunctions.integerarithmetics.code.tex) (d:/Program Files (x86)/texlive/2024/texmf-dist/tex/generic/pgf/math/pgfmathcalc.code.tex) (d:/Program Files (x86)/texlive/2024/texmf-dist/tex/generic/pgf/math/pgfmathfloat.code.tex
\c@pgfmathroundto@lastzeros=\count294
))) (d:/Program Files (x86)/texlive/2024/texmf-dist/tex/latex/base/size11.clo
File: size11.clo 2024/02/08 v1.4n Standard LaTeX file (size option)
) (d:/Program Files (x86)/texlive/2024/texmf-dist/tex/latex/pgf/basiclayer/pgfcore.sty (d:/Program Files (x86)/texlive/2024/texmf-dist/tex/latex/graphics/graphicx.sty
Package: graphicx 2021/09/16 v1.2d Enhanced LaTeX Graphics (DPC,SPQR)
 (d:/Program Files (x86)/texlive/2024/texmf-dist/tex/latex/graphics/graphics.sty
Package: graphics 2024/05/23 v1.4g Standard LaTeX Graphics (DPC,SPQR)
 (d:/Program Files (x86)/texlive/2024/texmf-dist/tex/latex/graphics/trig.sty
Package: trig 2023/12/02 v1.11 sin cos tan (DPC)
) (d:/Program Files (x86)/texlive/2024/texmf-dist/tex/latex/graphics-cfg/graphics.cfg
File: graphics.cfg 2016/06/04 v1.11 sample graphics configuration
)
Package graphics Info: Driver file: pdftex.def on input line 106.
 (d:/Program Files (x86)/texlive/2024/texmf-dist/tex/latex/graphics-def/pdftex.def
File: pdftex.def 2024/04/13 v1.2c Graphics/color driver for pdftex
))
\Gin@req@height=\dimen176
\Gin@req@width=\dimen177
) (d:/Program Files (x86)/texlive/2024/texmf-dist/tex/latex/pgf/systemlayer/pgfsys.sty (d:/Program Files (x86)/texlive/2024/texmf-dist/tex/generic/pgf/systemlayer/pgfsys.code.tex
Package: pgfsys 2023-01-15 v3.1.10 (3.1.10)
\pgf@x=\dimen178
\pgf@y=\dimen179
\pgf@xa=\dimen180
\pgf@ya=\dimen181
\pgf@xb=\dimen182
\pgf@yb=\dimen183
\pgf@xc=\dimen184
\pgf@yc=\dimen185
\pgf@xd=\dimen186
\pgf@yd=\dimen187
\w@pgf@writea=\write3
\r@pgf@reada=\read2
\c@pgf@counta=\count295
\c@pgf@countb=\count296
\c@pgf@countc=\count297
\c@pgf@countd=\count298
\t@pgf@toka=\toks26
\t@pgf@tokb=\toks27
\t@pgf@tokc=\toks28
\pgf@sys@id@count=\count299
 (d:/Program Files (x86)/texlive/2024/texmf-dist/tex/generic/pgf/systemlayer/pgf.cfg
File: pgf.cfg 2023-01-15 v3.1.10 (3.1.10)
)
Driver file for pgf: pgfsys-pdftex.def
 (d:/Program Files (x86)/texlive/2024/texmf-dist/tex/generic/pgf/systemlayer/pgfsys-pdftex.def
File: pgfsys-pdftex.def 2023-01-15 v3.1.10 (3.1.10)
 (d:/Program Files (x86)/texlive/2024/texmf-dist/tex/generic/pgf/systemlayer/pgfsys-common-pdf.def
File: pgfsys-common-pdf.def 2023-01-15 v3.1.10 (3.1.10)
))) (d:/Program Files (x86)/texlive/2024/texmf-dist/tex/generic/pgf/systemlayer/pgfsyssoftpath.code.tex
File: pgfsyssoftpath.code.tex 2023-01-15 v3.1.10 (3.1.10)
\pgfsyssoftpath@smallbuffer@items=\count300
\pgfsyssoftpath@bigbuffer@items=\count301
) (d:/Program Files (x86)/texlive/2024/texmf-dist/tex/generic/pgf/systemlayer/pgfsysprotocol.code.tex
File: pgfsysprotocol.code.tex 2023-01-15 v3.1.10 (3.1.10)
)) (d:/Program Files (x86)/texlive/2024/texmf-dist/tex/latex/xcolor/xcolor.sty
Package: xcolor 2023/11/15 v3.01 LaTeX color extensions (UK)
 (d:/Program Files (x86)/texlive/2024/texmf-dist/tex/latex/graphics-cfg/color.cfg
File: color.cfg 2016/01/02 v1.6 sample color configuration
)
Package xcolor Info: Driver file: pdftex.def on input line 274.
 (d:/Program Files (x86)/texlive/2024/texmf-dist/tex/latex/graphics/mathcolor.ltx)
Package xcolor Info: Model `cmy' substituted by `cmy0' on input line 1350.
Package xcolor Info: Model `hsb' substituted by `rgb' on input line 1354.
Package xcolor Info: Model `RGB' extended on input line 1366.
Package xcolor Info: Model `HTML' substituted by `rgb' on input line 1368.
Package xcolor Info: Model `Hsb' substituted by `hsb' on input line 1369.
Package xcolor Info: Model `tHsb' substituted by `hsb' on input line 1370.
Package xcolor Info: Model `HSB' substituted by `hsb' on input line 1371.
Package xcolor Info: Model `Gray' substituted by `gray' on input line 1372.
Package xcolor Info: Model `wave' substituted by `hsb' on input line 1373.
) (d:/Program Files (x86)/texlive/2024/texmf-dist/tex/generic/pgf/basiclayer/pgfcore.code.tex
Package: pgfcore 2023-01-15 v3.1.10 (3.1.10)
 (d:/Program Files (x86)/texlive/2024/texmf-dist/tex/generic/pgf/math/pgfint.code.tex) (d:/Program Files (x86)/texlive/2024/texmf-dist/tex/generic/pgf/basiclayer/pgfcorepoints.code.tex
File: pgfcorepoints.code.tex 2023-01-15 v3.1.10 (3.1.10)
\pgf@picminx=\dimen188
\pgf@picmaxx=\dimen189
\pgf@picminy=\dimen190
\pgf@picmaxy=\dimen191
\pgf@pathminx=\dimen192
\pgf@pathmaxx=\dimen193
\pgf@pathminy=\dimen194
\pgf@pathmaxy=\dimen195
\pgf@xx=\dimen196
\pgf@xy=\dimen197
\pgf@yx=\dimen198
\pgf@yy=\dimen199
\pgf@zx=\dimen256
\pgf@zy=\dimen257
) (d:/Program Files (x86)/texlive/2024/texmf-dist/tex/generic/pgf/basiclayer/pgfcorepathconstruct.code.tex
File: pgfcorepathconstruct.code.tex 2023-01-15 v3.1.10 (3.1.10)
\pgf@path@lastx=\dimen258
\pgf@path@lasty=\dimen259
) (d:/Program Files (x86)/texlive/2024/texmf-dist/tex/generic/pgf/basiclayer/pgfcorepathusage.code.tex
File: pgfcorepathusage.code.tex 2023-01-15 v3.1.10 (3.1.10)
\pgf@shorten@end@additional=\dimen260
\pgf@shorten@start@additional=\dimen261
) (d:/Program Files (x86)/texlive/2024/texmf-dist/tex/generic/pgf/basiclayer/pgfcorescopes.code.tex
File: pgfcorescopes.code.tex 2023-01-15 v3.1.10 (3.1.10)
\pgfpic=\box63
\pgf@hbox=\box64
\pgf@layerbox@main=\box65
\pgf@picture@serial@count=\count302
) (d:/Program Files (x86)/texlive/2024/texmf-dist/tex/generic/pgf/basiclayer/pgfcoregraphicstate.code.tex
File: pgfcoregraphicstate.code.tex 2023-01-15 v3.1.10 (3.1.10)
\pgflinewidth=\dimen262
) (d:/Program Files (x86)/texlive/2024/texmf-dist/tex/generic/pgf/basiclayer/pgfcoretransformations.code.tex
File: pgfcoretransformations.code.tex 2023-01-15 v3.1.10 (3.1.10)
\pgf@pt@x=\dimen263
\pgf@pt@y=\dimen264
\pgf@pt@temp=\dimen265
) (d:/Program Files (x86)/texlive/2024/texmf-dist/tex/generic/pgf/basiclayer/pgfcorequick.code.tex
File: pgfcorequick.code.tex 2023-01-15 v3.1.10 (3.1.10)
) (d:/Program Files (x86)/texlive/2024/texmf-dist/tex/generic/pgf/basiclayer/pgfcoreobjects.code.tex
File: pgfcoreobjects.code.tex 2023-01-15 v3.1.10 (3.1.10)
) (d:/Program Files (x86)/texlive/2024/texmf-dist/tex/generic/pgf/basiclayer/pgfcorepathprocessing.code.tex
File: pgfcorepathprocessing.code.tex 2023-01-15 v3.1.10 (3.1.10)
) (d:/Program Files (x86)/texlive/2024/texmf-dist/tex/generic/pgf/basiclayer/pgfcorearrows.code.tex
File: pgfcorearrows.code.tex 2023-01-15 v3.1.10 (3.1.10)
\pgfarrowsep=\dimen266
) (d:/Program Files (x86)/texlive/2024/texmf-dist/tex/generic/pgf/basiclayer/pgfcoreshade.code.tex
File: pgfcoreshade.code.tex 2023-01-15 v3.1.10 (3.1.10)
\pgf@max=\dimen267
\pgf@sys@shading@range@num=\count303
\pgf@shadingcount=\count304
) (d:/Program Files (x86)/texlive/2024/texmf-dist/tex/generic/pgf/basiclayer/pgfcoreimage.code.tex
File: pgfcoreimage.code.tex 2023-01-15 v3.1.10 (3.1.10)
) (d:/Program Files (x86)/texlive/2024/texmf-dist/tex/generic/pgf/basiclayer/pgfcoreexternal.code.tex
File: pgfcoreexternal.code.tex 2023-01-15 v3.1.10 (3.1.10)
\pgfexternal@startupbox=\box66
) (d:/Program Files (x86)/texlive/2024/texmf-dist/tex/generic/pgf/basiclayer/pgfcorelayers.code.tex
File: pgfcorelayers.code.tex 2023-01-15 v3.1.10 (3.1.10)
) (d:/Program Files (x86)/texlive/2024/texmf-dist/tex/generic/pgf/basiclayer/pgfcoretransparency.code.tex
File: pgfcoretransparency.code.tex 2023-01-15 v3.1.10 (3.1.10)
) (d:/Program Files (x86)/texlive/2024/texmf-dist/tex/generic/pgf/basiclayer/pgfcorepatterns.code.tex
File: pgfcorepatterns.code.tex 2023-01-15 v3.1.10 (3.1.10)
) (d:/Program Files (x86)/texlive/2024/texmf-dist/tex/generic/pgf/basiclayer/pgfcorerdf.code.tex
File: pgfcorerdf.code.tex 2023-01-15 v3.1.10 (3.1.10)
))) (d:/Program Files (x86)/texlive/2024/texmf-dist/tex/latex/pgf/utilities/xxcolor.sty
Package: xxcolor 2003/10/24 ver 0.1
\XC@nummixins=\count305
\XC@countmixins=\count306
) (d:/Program Files (x86)/texlive/2024/texmf-dist/tex/latex/base/atbegshi-ltx.sty
Package: atbegshi-ltx 2021/01/10 v1.0c Emulation of the original atbegshi
package with kernel methods
) (d:/Program Files (x86)/texlive/2024/texmf-dist/tex/latex/hyperref/hyperref.sty
Package: hyperref 2024-07-10 v7.01j Hypertext links for LaTeX
 (d:/Program Files (x86)/texlive/2024/texmf-dist/tex/latex/kvsetkeys/kvsetkeys.sty
Package: kvsetkeys 2022-10-05 v1.19 Key value parser (HO)
) (d:/Program Files (x86)/texlive/2024/texmf-dist/tex/generic/kvdefinekeys/kvdefinekeys.sty
Package: kvdefinekeys 2019-12-19 v1.6 Define keys (HO)
) (d:/Program Files (x86)/texlive/2024/texmf-dist/tex/generic/pdfescape/pdfescape.sty
Package: pdfescape 2019/12/09 v1.15 Implements pdfTeX's escape features (HO)
 (d:/Program Files (x86)/texlive/2024/texmf-dist/tex/generic/ltxcmds/ltxcmds.sty
Package: ltxcmds 2023-12-04 v1.26 LaTeX kernel commands for general use (HO)
) (d:/Program Files (x86)/texlive/2024/texmf-dist/tex/generic/pdftexcmds/pdftexcmds.sty
Package: pdftexcmds 2020-06-27 v0.33 Utility functions of pdfTeX for LuaTeX (HO)
 (d:/Program Files (x86)/texlive/2024/texmf-dist/tex/generic/infwarerr/infwarerr.sty
Package: infwarerr 2019/12/03 v1.5 Providing info/warning/error messages (HO)
)
Package pdftexcmds Info: \pdf@primitive is available.
Package pdftexcmds Info: \pdf@ifprimitive is available.
Package pdftexcmds Info: \pdfdraftmode found.
)) (d:/Program Files (x86)/texlive/2024/texmf-dist/tex/latex/hycolor/hycolor.sty
Package: hycolor 2020-01-27 v1.10 Color options for hyperref/bookmark (HO)
) (d:/Program Files (x86)/texlive/2024/texmf-dist/tex/latex/hyperref/nameref.sty
Package: nameref 2023-11-26 v2.56 Cross-referencing by name of section
 (d:/Program Files (x86)/texlive/2024/texmf-dist/tex/latex/refcount/refcount.sty
Package: refcount 2019/12/15 v3.6 Data extraction from label references (HO)
) (d:/Program Files (x86)/texlive/2024/texmf-dist/tex/generic/gettitlestring/gettitlestring.sty
Package: gettitlestring 2019/12/15 v1.6 Cleanup title references (HO)
 (d:/Program Files (x86)/texlive/2024/texmf-dist/tex/latex/kvoptions/kvoptions.sty
Package: kvoptions 2022-06-15 v3.15 Key value format for package options (HO)
))
\c@section@level=\count307
) (d:/Program Files (x86)/texlive/2024/texmf-dist/tex/generic/stringenc/stringenc.sty
Package: stringenc 2019/11/29 v1.12 Convert strings between diff. encodings (HO)
)
\@linkdim=\dimen268
\Hy@linkcounter=\count308
\Hy@pagecounter=\count309
 (d:/Program Files (x86)/texlive/2024/texmf-dist/tex/latex/hyperref/pd1enc.def
File: pd1enc.def 2024-07-10 v7.01j Hyperref: PDFDocEncoding definition (HO)
Now handling font encoding PD1 ...
... no UTF-8 mapping file for font encoding PD1
) (d:/Program Files (x86)/texlive/2024/texmf-dist/tex/generic/intcalc/intcalc.sty
Package: intcalc 2019/12/15 v1.3 Expandable calculations with integers (HO)
)
\Hy@SavedSpaceFactor=\count310
 (d:/Program Files (x86)/texlive/2024/texmf-dist/tex/latex/hyperref/puenc.def
File: puenc.def 2024-07-10 v7.01j Hyperref: PDF Unicode definition (HO)
Now handling font encoding PU ...
... no UTF-8 mapping file for font encoding PU
)
Package hyperref Info: Option `bookmarks' set `true' on input line 4040.
Package hyperref Info: Option `bookmarksopen' set `true' on input line 4040.
Package hyperref Info: Option `implicit' set `false' on input line 4040.
Package hyperref Info: Hyper figures OFF on input line 4157.
Package hyperref Info: Link nesting OFF on input line 4162.
Package hyperref Info: Hyper index ON on input line 4165.
Package hyperref Info: Plain pages OFF on input line 4172.
Package hyperref Info: Backreferencing OFF on input line 4177.
Package hyperref Info: Implicit mode OFF; no redefinition of LaTeX internals.
Package hyperref Info: Bookmarks ON on input line 4424.
\c@Hy@tempcnt=\count311
 (d:/Program Files (x86)/texlive/2024/texmf-dist/tex/latex/url/url.sty
\Urlmuskip=\muskip17
Package: url 2013/09/16  ver 3.4  Verb mode for urls, etc.
)
LaTeX Info: Redefining \url on input line 4763.
\XeTeXLinkMargin=\dimen269
 (d:/Program Files (x86)/texlive/2024/texmf-dist/tex/generic/bitset/bitset.sty
Package: bitset 2019/12/09 v1.3 Handle bit-vector datatype (HO)
 (d:/Program Files (x86)/texlive/2024/texmf-dist/tex/generic/bigintcalc/bigintcalc.sty
Package: bigintcalc 2019/12/15 v1.5 Expandable calculations on big integers (HO)
))
\Fld@menulength=\count312
\Field@Width=\dimen270
\Fld@charsize=\dimen271
Package hyperref Info: Hyper figures OFF on input line 6042.
Package hyperref Info: Link nesting OFF on input line 6047.
Package hyperref Info: Hyper index ON on input line 6050.
Package hyperref Info: backreferencing OFF on input line 6057.
Package hyperref Info: Link coloring OFF on input line 6062.
Package hyperref Info: Link coloring with OCG OFF on input line 6067.
Package hyperref Info: PDF/A mode OFF on input line 6072.
\Hy@abspage=\count313


Package hyperref Message: Stopped early.

)
Package hyperref Info: Driver (autodetected): hpdftex.
 (d:/Program Files (x86)/texlive/2024/texmf-dist/tex/latex/hyperref/hpdftex.def
File: hpdftex.def 2024-07-10 v7.01j Hyperref driver for pdfTeX
 (d:/Program Files (x86)/texlive/2024/texmf-dist/tex/latex/base/atveryend-ltx.sty
Package: atveryend-ltx 2020/08/19 v1.0a Emulation of the original atveryend package
with kernel methods
)
\Fld@listcount=\count314
\c@bookmark@seq@number=\count315
 (d:/Program Files (x86)/texlive/2024/texmf-dist/tex/latex/rerunfilecheck/rerunfilecheck.sty
Package: rerunfilecheck 2022-07-10 v1.10 Rerun checks for auxiliary files (HO)
 (d:/Program Files (x86)/texlive/2024/texmf-dist/tex/generic/uniquecounter/uniquecounter.sty
Package: uniquecounter 2019/12/15 v1.4 Provide unlimited unique counter (HO)
)
Package uniquecounter Info: New unique counter `rerunfilecheck' on input line 285.
)) (d:/Program Files (x86)/texlive/2024/texmf-dist/tex/latex/beamer/beamerbaserequires.sty (d:/Program Files (x86)/texlive/2024/texmf-dist/tex/latex/beamer/beamerbasecompatibility.sty) (d:/Program Files (x86)/texlive/2024/texmf-dist/tex/latex/beamer/beamerbasefont.sty (d:/Program Files (x86)/texlive/2024/texmf-dist/tex/latex/amsfonts/amssymb.sty
Package: amssymb 2013/01/14 v3.01 AMS font symbols
 (d:/Program Files (x86)/texlive/2024/texmf-dist/tex/latex/amsfonts/amsfonts.sty
Package: amsfonts 2013/01/14 v3.01 Basic AMSFonts support
\@emptytoks=\toks29
\symAMSa=\mathgroup4
\symAMSb=\mathgroup5
LaTeX Font Info:    Redeclaring math symbol \hbar on input line 98.
LaTeX Font Info:    Overwriting math alphabet `\mathfrak' in version `bold'
(Font)                  U/euf/m/n --> U/euf/b/n on input line 106.
)) (d:/Program Files (x86)/texlive/2024/texmf-dist/tex/latex/sansmathaccent/sansmathaccent.sty
Package: sansmathaccent 2020/01/31
 (d:/Program Files (x86)/texlive/2024/texmf-dist/tex/latex/koma-script/scrlfile.sty
Package: scrlfile 2023/07/07 v3.41 KOMA-Script package (file load hooks)
 (d:/Program Files (x86)/texlive/2024/texmf-dist/tex/latex/koma-script/scrlfile-hook.sty
Package: scrlfile-hook 2023/07/07 v3.41 KOMA-Script package (using LaTeX hooks)
 (d:/Program Files (x86)/texlive/2024/texmf-dist/tex/latex/koma-script/scrlogo.sty
Package: scrlogo 2023/07/07 v3.41 KOMA-Script package (logo)
))))) (d:/Program Files (x86)/texlive/2024/texmf-dist/tex/latex/beamer/beamerbasetranslator.sty (d:/Program Files (x86)/texlive/2024/texmf-dist/tex/latex/translator/translator.sty
Package: translator 2021-05-31 v1.12d Easy translation of strings in LaTeX
)) (d:/Program Files (x86)/texlive/2024/texmf-dist/tex/latex/beamer/beamerbasemisc.sty) (d:/Program Files (x86)/texlive/2024/texmf-dist/tex/latex/beamer/beamerbasetwoscreens.sty) (d:/Program Files (x86)/texlive/2024/texmf-dist/tex/latex/beamer/beamerbaseoverlay.sty
\beamer@argscount=\count316
\beamer@lastskipcover=\skip52
\beamer@trivlistdepth=\count317
) (d:/Program Files (x86)/texlive/2024/texmf-dist/tex/latex/beamer/beamerbasetitle.sty) (d:/Program Files (x86)/texlive/2024/texmf-dist/tex/latex/beamer/beamerbasesection.sty
\c@lecture=\count318
\c@part=\count319
\c@section=\count320
\c@subsection=\count321
\c@subsubsection=\count322
) (d:/Program Files (x86)/texlive/2024/texmf-dist/tex/latex/beamer/beamerbaseframe.sty
\beamer@framebox=\box67
\beamer@frametitlebox=\box68
\beamer@zoombox=\box69
\beamer@zoomcount=\count323
\beamer@zoomframecount=\count324
\beamer@frametextheight=\dimen272
\c@subsectionslide=\count325
\beamer@frametopskip=\skip53
\beamer@framebottomskip=\skip54
\beamer@frametopskipautobreak=\skip55
\beamer@framebottomskipautobreak=\skip56
\beamer@envbody=\toks30
\framewidth=\dimen273
\c@framenumber=\count326
) (d:/Program Files (x86)/texlive/2024/texmf-dist/tex/latex/beamer/beamerbaseverbatim.sty
\beamer@verbatimfileout=\write4
) (d:/Program Files (x86)/texlive/2024/texmf-dist/tex/latex/beamer/beamerbaseframesize.sty
\beamer@splitbox=\box70
\beamer@autobreakcount=\count327
\beamer@autobreaklastheight=\dimen274
\beamer@frametitletoks=\toks31
\beamer@framesubtitletoks=\toks32
) (d:/Program Files (x86)/texlive/2024/texmf-dist/tex/latex/beamer/beamerbaseframecomponents.sty
\beamer@footins=\box71
) (d:/Program Files (x86)/texlive/2024/texmf-dist/tex/latex/beamer/beamerbasecolor.sty) (d:/Program Files (x86)/texlive/2024/texmf-dist/tex/latex/beamer/beamerbasenotes.sty
\beamer@frameboxcopy=\box72
) (d:/Program Files (x86)/texlive/2024/texmf-dist/tex/latex/beamer/beamerbasetoc.sty) (d:/Program Files (x86)/texlive/2024/texmf-dist/tex/latex/beamer/beamerbasetemplates.sty
\beamer@sbttoks=\toks33
 (d:/Program Files (x86)/texlive/2024/texmf-dist/tex/latex/beamer/beamerbaseauxtemplates.sty (d:/Program Files (x86)/texlive/2024/texmf-dist/tex/latex/beamer/beamerbaseboxes.sty
\bmb@box=\box73
\bmb@colorbox=\box74
\bmb@boxwidth=\dimen275
\bmb@boxheight=\dimen276
\bmb@prevheight=\dimen277
\bmb@temp=\dimen278
\bmb@dima=\dimen279
\bmb@dimb=\dimen280
\bmb@prevheight=\dimen281
)
\beamer@blockheadheight=\dimen282
)) (d:/Program Files (x86)/texlive/2024/texmf-dist/tex/latex/beamer/beamerbaselocalstructure.sty (d:/Program Files (x86)/texlive/2024/texmf-dist/tex/latex/tools/enumerate.sty
Package: enumerate 2023/07/04 v3.00 enumerate extensions (DPC)
\@enLab=\toks34
)
\beamer@bibiconwidth=\skip57
\c@figure=\count328
\c@table=\count329
\abovecaptionskip=\skip58
\belowcaptionskip=\skip59
) (d:/Program Files (x86)/texlive/2024/texmf-dist/tex/latex/beamer/beamerbasenavigation.sty (d:/Program Files (x86)/texlive/2024/texmf-dist/tex/latex/beamer/beamerbasenavigationsymbols.tex)
\beamer@section@min@dim=\dimen283
) (d:/Program Files (x86)/texlive/2024/texmf-dist/tex/latex/beamer/beamerbasetheorems.sty (d:/Program Files (x86)/texlive/2024/texmf-dist/tex/latex/amsmath/amsmath.sty
Package: amsmath 2024/05/23 v2.17q AMS math features
\@mathmargin=\skip60

For additional information on amsmath, use the `?' option.
(d:/Program Files (x86)/texlive/2024/texmf-dist/tex/latex/amsmath/amstext.sty
Package: amstext 2021/08/26 v2.01 AMS text
 (d:/Program Files (x86)/texlive/2024/texmf-dist/tex/latex/amsmath/amsgen.sty
File: amsgen.sty 1999/11/30 v2.0 generic functions
\@emptytoks=\toks35
\ex@=\dimen284
)) (d:/Program Files (x86)/texlive/2024/texmf-dist/tex/latex/amsmath/amsbsy.sty
Package: amsbsy 1999/11/29 v1.2d Bold Symbols
\pmbraise@=\dimen285
) (d:/Program Files (x86)/texlive/2024/texmf-dist/tex/latex/amsmath/amsopn.sty
Package: amsopn 2022/04/08 v2.04 operator names
)
\inf@bad=\count330
LaTeX Info: Redefining \frac on input line 233.
\uproot@=\count331
\leftroot@=\count332
LaTeX Info: Redefining \overline on input line 398.
LaTeX Info: Redefining \colon on input line 409.
\classnum@=\count333
\DOTSCASE@=\count334
LaTeX Info: Redefining \ldots on input line 495.
LaTeX Info: Redefining \dots on input line 498.
LaTeX Info: Redefining \cdots on input line 619.
\Mathstrutbox@=\box75
\strutbox@=\box76
LaTeX Info: Redefining \big on input line 721.
LaTeX Info: Redefining \Big on input line 722.
LaTeX Info: Redefining \bigg on input line 723.
LaTeX Info: Redefining \Bigg on input line 724.
\big@size=\dimen286
LaTeX Font Info:    Redeclaring font encoding OML on input line 742.
LaTeX Font Info:    Redeclaring font encoding OMS on input line 743.
\macc@depth=\count335
LaTeX Info: Redefining \bmod on input line 904.
LaTeX Info: Redefining \pmod on input line 909.
LaTeX Info: Redefining \smash on input line 939.
LaTeX Info: Redefining \relbar on input line 969.
LaTeX Info: Redefining \Relbar on input line 970.
\c@MaxMatrixCols=\count336
\dotsspace@=\muskip18
\c@parentequation=\count337
\dspbrk@lvl=\count338
\tag@help=\toks36
\row@=\count339
\column@=\count340
\maxfields@=\count341
\andhelp@=\toks37
\eqnshift@=\dimen287
\alignsep@=\dimen288
\tagshift@=\dimen289
\tagwidth@=\dimen290
\totwidth@=\dimen291
\lineht@=\dimen292
\@envbody=\toks38
\multlinegap=\skip61
\multlinetaggap=\skip62
\mathdisplay@stack=\toks39
LaTeX Info: Redefining \[ on input line 2953.
LaTeX Info: Redefining \] on input line 2954.
) (d:/Program Files (x86)/texlive/2024/texmf-dist/tex/latex/amscls/amsthm.sty
Package: amsthm 2020/05/29 v2.20.6
\thm@style=\toks40
\thm@bodyfont=\toks41
\thm@headfont=\toks42
\thm@notefont=\toks43
\thm@headpunct=\toks44
\thm@preskip=\skip63
\thm@postskip=\skip64
\thm@headsep=\skip65
\dth@everypar=\toks45
)
\c@theorem=\count342
) (d:/Program Files (x86)/texlive/2024/texmf-dist/tex/latex/beamer/beamerbasethemes.sty)) (d:/Program Files (x86)/texlive/2024/texmf-dist/tex/latex/beamer/beamerthemedefault.sty (d:/Program Files (x86)/texlive/2024/texmf-dist/tex/latex/beamer/beamerfontthemedefault.sty) (d:/Program Files (x86)/texlive/2024/texmf-dist/tex/latex/beamer/beamercolorthemedefault.sty) (d:/Program Files (x86)/texlive/2024/texmf-dist/tex/latex/beamer/beamerinnerthemedefault.sty
\beamer@dima=\dimen293
\beamer@dimb=\dimen294
) (d:/Program Files (x86)/texlive/2024/texmf-dist/tex/latex/beamer/beamerouterthemedefault.sty))) (./header.tex (d:/Program Files (x86)/texlive/2024/texmf-dist/tex/generic/babel/babel.sty
Package: babel 2024/06/26 v24.7 The Babel package
\babel@savecnt=\count343
\U@D=\dimen295
\l@unhyphenated=\language89
 (d:/Program Files (x86)/texlive/2024/texmf-dist/tex/generic/babel/txtbabel.def)
\bbl@readstream=\read3
LaTeX Info: Redefining \textlatin on input line 3930.
\bbl@dirlevel=\count344
 (d:/Program Files (x86)/texlive/2024/texmf-dist/tex/generic/babel-portuges/brazil.ldf
Language: portuges 2021/07/09 v1.2t Portuguese support from the babel system
Package babel Info: Hyphen rules for 'brazil' set to \l@portuguese
(babel)             (\language72). Reported on input line 111.
Package babel Info: Making " an active character on input line 143.
)) (d:/Program Files (x86)/texlive/2024/texmf-dist/tex/latex/base/inputenc.sty
Package: inputenc 2024/02/08 v1.3d Input encoding file
\inpenc@prehook=\toks46
\inpenc@posthook=\toks47
) (d:/Program Files (x86)/texlive/2024/texmf-dist/tex/latex/lm/lmodern.sty
Package: lmodern 2015/05/01 v1.6.1 Latin Modern Fonts
LaTeX Font Info:    Overwriting symbol font `operators' in version `normal'
(Font)                  OT1/cmr/m/n --> OT1/lmr/m/n on input line 22.
LaTeX Font Info:    Overwriting symbol font `letters' in version `normal'
(Font)                  OML/cmm/m/it --> OML/lmm/m/it on input line 23.
LaTeX Font Info:    Overwriting symbol font `symbols' in version `normal'
(Font)                  OMS/cmsy/m/n --> OMS/lmsy/m/n on input line 24.
LaTeX Font Info:    Overwriting symbol font `largesymbols' in version `normal'
(Font)                  OMX/cmex/m/n --> OMX/lmex/m/n on input line 25.
LaTeX Font Info:    Overwriting symbol font `operators' in version `bold'
(Font)                  OT1/cmr/bx/n --> OT1/lmr/bx/n on input line 26.
LaTeX Font Info:    Overwriting symbol font `letters' in version `bold'
(Font)                  OML/cmm/b/it --> OML/lmm/b/it on input line 27.
LaTeX Font Info:    Overwriting symbol font `symbols' in version `bold'
(Font)                  OMS/cmsy/b/n --> OMS/lmsy/b/n on input line 28.
LaTeX Font Info:    Overwriting symbol font `largesymbols' in version `bold'
(Font)                  OMX/cmex/m/n --> OMX/lmex/m/n on input line 29.
LaTeX Font Info:    Overwriting math alphabet `\mathbf' in version `normal'
(Font)                  OT1/cmr/bx/n --> OT1/lmr/bx/n on input line 31.
LaTeX Font Info:    Overwriting math alphabet `\mathsf' in version `normal'
(Font)                  OT1/cmss/m/n --> OT1/lmss/m/n on input line 32.
LaTeX Font Info:    Overwriting math alphabet `\mathit' in version `normal'
(Font)                  OT1/cmr/m/it --> OT1/lmr/m/it on input line 33.
LaTeX Font Info:    Overwriting math alphabet `\mathtt' in version `normal'
(Font)                  OT1/cmtt/m/n --> OT1/lmtt/m/n on input line 34.
LaTeX Font Info:    Overwriting math alphabet `\mathbf' in version `bold'
(Font)                  OT1/cmr/bx/n --> OT1/lmr/bx/n on input line 35.
LaTeX Font Info:    Overwriting math alphabet `\mathsf' in version `bold'
(Font)                  OT1/cmss/bx/n --> OT1/lmss/bx/n on input line 36.
LaTeX Font Info:    Overwriting math alphabet `\mathit' in version `bold'
(Font)                  OT1/cmr/bx/it --> OT1/lmr/bx/it on input line 37.
LaTeX Font Info:    Overwriting math alphabet `\mathtt' in version `bold'
(Font)                  OT1/cmtt/m/n --> OT1/lmtt/m/n on input line 38.
) (d:/Program Files (x86)/texlive/2024/texmf-dist/tex/latex/base/fontenc.sty
Package: fontenc 2021/04/29 v2.0v Standard LaTeX package
LaTeX Font Info:    Trying to load font information for T1+lmss on input line 116.
 (d:/Program Files (x86)/texlive/2024/texmf-dist/tex/latex/lm/t1lmss.fd
File: t1lmss.fd 2015/05/01 v1.6.1 Font defs for Latin Modern
)) (./beamerthemesrc/sintef.sty
Package: beamerthemesrc/sintef 2021/11/02
 (d:/Program Files (x86)/texlive/2024/texmf-dist/tex/latex/pgf/frontendlayer/tikz.sty (d:/Program Files (x86)/texlive/2024/texmf-dist/tex/latex/pgf/basiclayer/pgf.sty
Package: pgf 2023-01-15 v3.1.10 (3.1.10)
 (d:/Program Files (x86)/texlive/2024/texmf-dist/tex/generic/pgf/modules/pgfmoduleshapes.code.tex
File: pgfmoduleshapes.code.tex 2023-01-15 v3.1.10 (3.1.10)
\pgfnodeparttextbox=\box77
) (d:/Program Files (x86)/texlive/2024/texmf-dist/tex/generic/pgf/modules/pgfmoduleplot.code.tex
File: pgfmoduleplot.code.tex 2023-01-15 v3.1.10 (3.1.10)
) (d:/Program Files (x86)/texlive/2024/texmf-dist/tex/latex/pgf/compatibility/pgfcomp-version-0-65.sty
Package: pgfcomp-version-0-65 2023-01-15 v3.1.10 (3.1.10)
\pgf@nodesepstart=\dimen296
\pgf@nodesepend=\dimen297
) (d:/Program Files (x86)/texlive/2024/texmf-dist/tex/latex/pgf/compatibility/pgfcomp-version-1-18.sty
Package: pgfcomp-version-1-18 2023-01-15 v3.1.10 (3.1.10)
)) (d:/Program Files (x86)/texlive/2024/texmf-dist/tex/latex/pgf/utilities/pgffor.sty (d:/Program Files (x86)/texlive/2024/texmf-dist/tex/generic/pgf/utilities/pgffor.code.tex
Package: pgffor 2023-01-15 v3.1.10 (3.1.10)
\pgffor@iter=\dimen298
\pgffor@skip=\dimen299
\pgffor@stack=\toks48
\pgffor@toks=\toks49
)) (d:/Program Files (x86)/texlive/2024/texmf-dist/tex/generic/pgf/frontendlayer/tikz/tikz.code.tex
Package: tikz 2023-01-15 v3.1.10 (3.1.10)
 (d:/Program Files (x86)/texlive/2024/texmf-dist/tex/generic/pgf/libraries/pgflibraryplothandlers.code.tex
File: pgflibraryplothandlers.code.tex 2023-01-15 v3.1.10 (3.1.10)
\pgf@plot@mark@count=\count345
\pgfplotmarksize=\dimen300
)
\tikz@lastx=\dimen301
\tikz@lasty=\dimen302
\tikz@lastxsaved=\dimen303
\tikz@lastysaved=\dimen304
\tikz@lastmovetox=\dimen305
\tikz@lastmovetoy=\dimen306
\tikzleveldistance=\dimen307
\tikzsiblingdistance=\dimen308
\tikz@figbox=\box78
\tikz@figbox@bg=\box79
\tikz@tempbox=\box80
\tikz@tempbox@bg=\box81
\tikztreelevel=\count346
\tikznumberofchildren=\count347
\tikznumberofcurrentchild=\count348
\tikz@fig@count=\count349
 (d:/Program Files (x86)/texlive/2024/texmf-dist/tex/generic/pgf/modules/pgfmodulematrix.code.tex
File: pgfmodulematrix.code.tex 2023-01-15 v3.1.10 (3.1.10)
\pgfmatrixcurrentrow=\count350
\pgfmatrixcurrentcolumn=\count351
\pgf@matrix@numberofcolumns=\count352
)
\tikz@expandcount=\count353
 (d:/Program Files (x86)/texlive/2024/texmf-dist/tex/generic/pgf/frontendlayer/tikz/libraries/tikzlibrarytopaths.code.tex
File: tikzlibrarytopaths.code.tex 2023-01-15 v3.1.10 (3.1.10)
))) (d:/Program Files (x86)/texlive/2024/texmf-dist/tex/latex/tools/multicol.sty
Package: multicol 2024/05/23 v1.9h multicolumn formatting (FMi)
\c@tracingmulticols=\count354
\mult@box=\box82
\multicol@leftmargin=\dimen309
\c@unbalance=\count355
\c@collectmore=\count356
\doublecol@number=\count357
\multicoltolerance=\count358
\multicolpretolerance=\count359
\full@width=\dimen310
\page@free=\dimen311
\premulticols=\dimen312
\postmulticols=\dimen313
\multicolsep=\skip66
\multicolbaselineskip=\skip67
\partial@page=\box83
\last@line=\box84
\mc@boxedresult=\box85
\maxbalancingoverflow=\dimen314
\mult@rightbox=\box86
\mult@grightbox=\box87
\mult@firstbox=\box88
\mult@gfirstbox=\box89
\@tempa=\box90
\@tempa=\box91
\@tempa=\box92
\@tempa=\box93
\@tempa=\box94
\@tempa=\box95
\@tempa=\box96
\@tempa=\box97
\@tempa=\box98
\@tempa=\box99
\@tempa=\box100
\@tempa=\box101
\@tempa=\box102
\@tempa=\box103
\@tempa=\box104
\@tempa=\box105
\@tempa=\box106
\@tempa=\box107
\@tempa=\box108
\@tempa=\box109
\@tempa=\box110
\@tempa=\box111
\@tempa=\box112
\@tempa=\box113
\@tempa=\box114
\@tempa=\box115
\@tempa=\box116
\@tempa=\box117
\@tempa=\box118
\@tempa=\box119
\@tempa=\box120
\@tempa=\box121
\@tempa=\box122
\@tempa=\box123
\@tempa=\box124
\@tempa=\box125
\c@minrows=\count360
\c@columnbadness=\count361
\c@finalcolumnbadness=\count362
\last@try=\dimen315
\multicolovershoot=\dimen316
\multicolundershoot=\dimen317
\mult@nat@firstbox=\box126
\colbreak@box=\box127
\mc@col@check@num=\count363
) (d:/Program Files (x86)/texlive/2024/texmf-dist/tex/latex/caladea/caladea.sty
Package: caladea 2022/09/30 (Bob Tennent) Supports Caladea fonts for LaTeX, pdfLaTeX, luaLaTeX and xeLaTeX.
 (d:/Program Files (x86)/texlive/2024/texmf-dist/tex/generic/iftex/ifxetex.sty
Package: ifxetex 2019/10/25 v0.7 ifxetex legacy package. Use iftex instead.
) (d:/Program Files (x86)/texlive/2024/texmf-dist/tex/generic/iftex/ifluatex.sty
Package: ifluatex 2019/10/25 v1.5 ifluatex legacy package. Use iftex instead.
) (d:/Program Files (x86)/texlive/2024/texmf-dist/tex/latex/xkeyval/xkeyval.sty
Package: xkeyval 2022/06/16 v2.9 package option processing (HA)
 (d:/Program Files (x86)/texlive/2024/texmf-dist/tex/generic/xkeyval/xkeyval.tex (d:/Program Files (x86)/texlive/2024/texmf-dist/tex/generic/xkeyval/xkvutils.tex
\XKV@toks=\toks50
\XKV@tempa@toks=\toks51
)
\XKV@depth=\count364
File: xkeyval.tex 2014/12/03 v2.7a key=value parser (HA)
)) (d:/Program Files (x86)/texlive/2024/texmf-dist/tex/latex/base/textcomp.sty
Package: textcomp 2024/04/24 v2.1b Standard LaTeX package
)) (d:/Program Files (x86)/texlive/2024/texmf-dist/tex/latex/carlito/carlito.sty
Package: carlito 2022/10/05 (Bob Tennent) Supports Carlito fonts for LaTeX, pdfLaTeX, luaLaTeX and xeLaTeX.
 (d:/Program Files (x86)/texlive/2024/texmf-dist/tex/latex/base/fontenc.sty
Package: fontenc 2021/04/29 v2.0v Standard LaTeX package
) (d:/Program Files (x86)/texlive/2024/texmf-dist/tex/latex/fontaxes/fontaxes.sty
Package: fontaxes 2020/07/21 v1.0e Font selection axes
LaTeX Info: Redefining \upshape on input line 29.
LaTeX Info: Redefining \itshape on input line 31.
LaTeX Info: Redefining \slshape on input line 33.
LaTeX Info: Redefining \swshape on input line 35.
LaTeX Info: Redefining \scshape on input line 37.
LaTeX Info: Redefining \sscshape on input line 39.
LaTeX Info: Redefining \ulcshape on input line 41.
LaTeX Info: Redefining \textsw on input line 47.
LaTeX Info: Redefining \textssc on input line 48.
LaTeX Info: Redefining \textulc on input line 49.
)
LaTeX Info: Redefining \textin on input line 152.
) (./beamerthemesrc/sintefcolor.sty
Package: beamerthemesrc/sintefcolor 2021/03/04
)) (d:/Program Files (x86)/texlive/2024/texmf-dist/tex/latex/beamer/beamerfontthemeserif.sty) (d:/Program Files (x86)/texlive/2024/texmf-dist/tex/latex/mfnfss/oldgerm.sty
Package: oldgerm 2000/08/02 v2.1k LaTeX2e package for Old German fonts
))
LaTeX Font Info:    Trying to load font information for T1+Crlt-OsF on input line 12.
 (d:/Program Files (x86)/texlive/2024/texmf-dist/tex/latex/carlito/T1Crlt-OsF.fd
File: T1Crlt-OsF.fd 2022/10/05 (autoinst) Font definitions for T1/Crlt-OsF.
) (d:/Program Files (x86)/texlive/2024/texmf-dist/tex/latex/l3backend/l3backend-pdftex.def
File: l3backend-pdftex.def 2024-05-08 L3 backend support: PDF output (pdfTeX)
\l__color_backend_stack_int=\count365
\l__pdf_internal_box=\box128
) (./main.aux)
\openout1 = `main.aux'.

LaTeX Font Info:    Checking defaults for OML/cmm/m/it on input line 12.
LaTeX Font Info:    ... okay on input line 12.
LaTeX Font Info:    Checking defaults for OMS/cmsy/m/n on input line 12.
LaTeX Font Info:    ... okay on input line 12.
LaTeX Font Info:    Checking defaults for OT1/cmr/m/n on input line 12.
LaTeX Font Info:    ... okay on input line 12.
LaTeX Font Info:    Checking defaults for T1/cmr/m/n on input line 12.
LaTeX Font Info:    ... okay on input line 12.
LaTeX Font Info:    Checking defaults for TS1/cmr/m/n on input line 12.
LaTeX Font Info:    ... okay on input line 12.
LaTeX Font Info:    Checking defaults for OMX/cmex/m/n on input line 12.
LaTeX Font Info:    ... okay on input line 12.
LaTeX Font Info:    Checking defaults for U/cmr/m/n on input line 12.
LaTeX Font Info:    ... okay on input line 12.
LaTeX Font Info:    Checking defaults for PD1/pdf/m/n on input line 12.
LaTeX Font Info:    ... okay on input line 12.
LaTeX Font Info:    Checking defaults for PU/pdf/m/n on input line 12.
LaTeX Font Info:    ... okay on input line 12.

*geometry* driver: auto-detecting
*geometry* detected driver: pdftex
*geometry* verbose mode - [ preamble ] result:
* driver: pdftex
* paper: custom
* layout: <same size as paper>
* layoutoffset:(h,v)=(0.0pt,0.0pt)
* modes: includehead includefoot 
* h-part:(L,W,R)=(28.45274pt, 398.3386pt, 28.45274pt)
* v-part:(T,H,B)=(0.0pt, 256.0748pt, 0.0pt)
* \paperwidth=455.24408pt
* \paperheight=256.0748pt
* \textwidth=398.3386pt
* \textheight=227.62207pt
* \oddsidemargin=-43.81725pt
* \evensidemargin=-43.81725pt
* \topmargin=-72.26999pt
* \headheight=14.22636pt
* \headsep=0.0pt
* \topskip=11.0pt
* \footskip=14.22636pt
* \marginparwidth=4.0pt
* \marginparsep=10.0pt
* \columnsep=10.0pt
* \skip\footins=10.0pt plus 4.0pt minus 2.0pt
* \hoffset=0.0pt
* \voffset=0.0pt
* \mag=1000
* \@twocolumnfalse
* \@twosidefalse
* \@mparswitchfalse
* \@reversemarginfalse
* (1in=72.27pt=25.4mm, 1cm=28.453pt)

(d:/Program Files (x86)/texlive/2024/texmf-dist/tex/context/base/mkii/supp-pdf.mkii
[Loading MPS to PDF converter (version 2006.09.02).]
\scratchcounter=\count366
\scratchdimen=\dimen318
\scratchbox=\box129
\nofMPsegments=\count367
\nofMParguments=\count368
\everyMPshowfont=\toks52
\MPscratchCnt=\count369
\MPscratchDim=\dimen319
\MPnumerator=\count370
\makeMPintoPDFobject=\count371
\everyMPtoPDFconversion=\toks53
) (d:/Program Files (x86)/texlive/2024/texmf-dist/tex/latex/epstopdf-pkg/epstopdf-base.sty
Package: epstopdf-base 2020-01-24 v2.11 Base part for package epstopdf
Package epstopdf-base Info: Redefining graphics rule for `.eps' on input line 485.
 (d:/Program Files (x86)/texlive/2024/texmf-dist/tex/latex/latexconfig/epstopdf-sys.cfg
File: epstopdf-sys.cfg 2010/07/13 v1.3 Configuration of (r)epstopdf for TeX Live
))
Package hyperref Info: Link coloring OFF on input line 12.
 (./main.out) (./main.out)
\@outlinefile=\write5
\openout5 = `main.out'.

 (d:/Program Files (x86)/texlive/2024/texmf-dist/tex/latex/translator/translator-basic-dictionary-English.dict
Dictionary: translator-basic-dictionary, Language: English 
) (d:/Program Files (x86)/texlive/2024/texmf-dist/tex/latex/translator/translator-bibliography-dictionary-English.dict
Dictionary: translator-bibliography-dictionary, Language: English 
) (d:/Program Files (x86)/texlive/2024/texmf-dist/tex/latex/translator/translator-environment-dictionary-English.dict
Dictionary: translator-environment-dictionary, Language: English 
) (d:/Program Files (x86)/texlive/2024/texmf-dist/tex/latex/translator/translator-months-dictionary-English.dict
Dictionary: translator-months-dictionary, Language: English 
) (d:/Program Files (x86)/texlive/2024/texmf-dist/tex/latex/translator/translator-numbers-dictionary-English.dict
Dictionary: translator-numbers-dictionary, Language: English 
) (d:/Program Files (x86)/texlive/2024/texmf-dist/tex/latex/translator/translator-theorem-dictionary-English.dict
Dictionary: translator-theorem-dictionary, Language: English 
)
\c@mv@tabular=\count372
\c@mv@boldtabular=\count373
 (./main.nav)

<beamerthemesrc/assets/background.png, id=36, 853.2678pt x 411.939pt>
File: beamerthemesrc/assets/background.png Graphic file (type png)
<use beamerthemesrc/assets/background.png>
Package pdftex.def Info: beamerthemesrc/assets/background.png  used on input line 13.
(pdftex.def)             Requested size: 530.4137pt x 256.0748pt.
[1

{d:/Program Files (x86)/texlive/2024/texmf-var/fonts/map/pdftex/updmap/pdftex.map}{d:/Program Files (x86)/texlive/2024/texmf-dist/fonts/enc/dvips/carlito/crlt_hsqwq5.enc} <./beamerthemesrc/assets/background.png> <./beamerthemesrc/assets/UFOP_logo.png>] (./main.toc
LaTeX Font Info:    Trying to load font information for OT1+lmr on input line 2.
 (d:/Program Files (x86)/texlive/2024/texmf-dist/tex/latex/lm/ot1lmr.fd
File: ot1lmr.fd 2015/05/01 v1.6.1 Font defs for Latin Modern
)
LaTeX Font Info:    Trying to load font information for OML+lmm on input line 2.
 (d:/Program Files (x86)/texlive/2024/texmf-dist/tex/latex/lm/omllmm.fd
File: omllmm.fd 2015/05/01 v1.6.1 Font defs for Latin Modern
)
LaTeX Font Info:    Trying to load font information for OMS+lmsy on input line 2.
 (d:/Program Files (x86)/texlive/2024/texmf-dist/tex/latex/lm/omslmsy.fd
File: omslmsy.fd 2015/05/01 v1.6.1 Font defs for Latin Modern
)
LaTeX Font Info:    Trying to load font information for OMX+lmex on input line 2.
 (d:/Program Files (x86)/texlive/2024/texmf-dist/tex/latex/lm/omxlmex.fd
File: omxlmex.fd 2015/05/01 v1.6.1 Font defs for Latin Modern
)
LaTeX Font Info:    External font `lmex10' loaded for size
(Font)              <10.95> on input line 2.
LaTeX Font Info:    External font `lmex10' loaded for size
(Font)              <8> on input line 2.
LaTeX Font Info:    External font `lmex10' loaded for size
(Font)              <6> on input line 2.
LaTeX Font Info:    Trying to load font information for U+msa on input line 2.
 (d:/Program Files (x86)/texlive/2024/texmf-dist/tex/latex/amsfonts/umsa.fd
File: umsa.fd 2013/01/14 v3.01 AMS symbols A
)
LaTeX Font Info:    Trying to load font information for U+msb on input line 2.
 (d:/Program Files (x86)/texlive/2024/texmf-dist/tex/latex/amsfonts/umsb.fd
File: umsb.fd 2013/01/14 v3.01 AMS symbols B
))

[2

 <./beamerthemesrc/assets/UFOP_logo_positivo.png>] (./contents/Introducao.tex

[3

]

<beamerthemesrc/assets/casa.png, id=68, 803.0pt x 501.875pt>
File: beamerthemesrc/assets/casa.png Graphic file (type png)
<use beamerthemesrc/assets/casa.png>
Package pdftex.def Info: beamerthemesrc/assets/casa.png  used on input line 21.
(pdftex.def)             Requested size: 409.73288pt x 256.0748pt.
[4

 <./beamerthemesrc/assets/casa.png>]

[5

]
LaTeX Font Info:    Trying to load font information for TS1+Crlt-OsF on input line 41.
 (d:/Program Files (x86)/texlive/2024/texmf-dist/tex/latex/carlito/TS1Crlt-OsF.fd
File: TS1Crlt-OsF.fd 2022/10/05 (autoinst) Font definitions for TS1/Crlt-OsF.
)

[6

{d:/Program Files (x86)/texlive/2024/texmf-dist/fonts/enc/dvips/carlito/crlt_j4hweq.enc}]

[7

]
<beamerthemesrc/assets/python.jpg, id=92, 867.24pt x 213.79875pt>
File: beamerthemesrc/assets/python.jpg Graphic file (type jpg)
<use beamerthemesrc/assets/python.jpg>
Package pdftex.def Info: beamerthemesrc/assets/python.jpg  used on input line 64.
(pdftex.def)             Requested size: 137.88785pt x 33.9956pt.
<beamerthemesrc/assets/django-logo-positive.png, id=93, 1204.5pt x 419.5675pt>
File: beamerthemesrc/assets/django-logo-positive.png Graphic file (type png)
<use beamerthemesrc/assets/django-logo-positive.png>
Package pdftex.def Info: beamerthemesrc/assets/django-logo-positive.png  used on input line 64.
(pdftex.def)             Requested size: 97.59337pt x 33.9956pt.
<beamerthemesrc/assets/wagtail4298.jpg, id=94, 526.96875pt x 185.19188pt>
File: beamerthemesrc/assets/wagtail4298.jpg Graphic file (type jpg)
<use beamerthemesrc/assets/wagtail4298.jpg>
Package pdftex.def Info: beamerthemesrc/assets/wagtail4298.jpg  used on input line 64.
(pdftex.def)             Requested size: 96.73184pt x 33.9956pt.


[8

 <./beamerthemesrc/assets/python.jpg> <./beamerthemesrc/assets/django-logo-positive.png> <./beamerthemesrc/assets/wagtail4298.jpg>]

[9

]) (./main.toc)

[10

] (./contents/Desenvolvimento.tex
<beamerthemesrc/assets/organizacao.png, id=114, 1254.18562pt x 520.94624pt>
File: beamerthemesrc/assets/organizacao.png Graphic file (type png)
<use beamerthemesrc/assets/organizacao.png>
Package pdftex.def Info: beamerthemesrc/assets/organizacao.png  used on input line 11.
(pdftex.def)             Requested size: 265.98943pt x 110.48636pt.

Overfull \vbox (6.09624pt too high) detected at line 11
 []



[11

 <./beamerthemesrc/assets/organizacao.png>]

[12

]
<beamerthemesrc/assets/er_diagram_vitrine.png, id=126, 709.65125pt x 520.94624pt>
File: beamerthemesrc/assets/er_diagram_vitrine.png Graphic file (type png)
<use beamerthemesrc/assets/er_diagram_vitrine.png>
Package pdftex.def Info: beamerthemesrc/assets/er_diagram_vitrine.png  used on input line 29.
(pdftex.def)             Requested size: 231.55434pt x 169.98062pt.

Overfull \vbox (9.63177pt too high) detected at line 29
 []



[13

 <./beamerthemesrc/assets/er_diagram_vitrine.png>]
<beamerthemesrc/assets/vitrine_de_artistas.png, id=134, 1064.47687pt x 312.41719pt>
File: beamerthemesrc/assets/vitrine_de_artistas.png Graphic file (type png)
<use beamerthemesrc/assets/vitrine_de_artistas.png>
Package pdftex.def Info: beamerthemesrc/assets/vitrine_de_artistas.png  used on input line 40.
(pdftex.def)             Requested size: 398.3386pt x 116.90826pt.


[14

 <./beamerthemesrc/assets/vitrine_de_artistas.png>]
<beamerthemesrc/assets/form_artista.png, id=141, 739.26187pt x 591.71063pt>
File: beamerthemesrc/assets/form_artista.png Graphic file (type png)
<use beamerthemesrc/assets/form_artista.png>
Package pdftex.def Info: beamerthemesrc/assets/form_artista.png  used on input line 51.
(pdftex.def)             Requested size: 184.815pt x 147.92729pt.

Overfull \vbox (17.91455pt too high) detected at line 51
 []



[15

 <./beamerthemesrc/assets/form_artista.png>]
<beamerthemesrc/assets/admin_artista.png, id=148, 380.17032pt x 302.63063pt>
File: beamerthemesrc/assets/admin_artista.png Graphic file (type png)
<use beamerthemesrc/assets/admin_artista.png>
Package pdftex.def Info: beamerthemesrc/assets/admin_artista.png  used on input line 67.
(pdftex.def)             Requested size: 152.06543pt x 121.0501pt.

Overfull \vbox (17.92224pt too high) detected at line 67
 []



[16

 <./beamerthemesrc/assets/admin_artista.png>]

[17

]
<beamerthemesrc/assets/er_diagram_editais.png, id=160, 799.98875pt x 453.695pt>
File: beamerthemesrc/assets/er_diagram_editais.png Graphic file (type png)
<use beamerthemesrc/assets/er_diagram_editais.png>
Package pdftex.def Info: beamerthemesrc/assets/er_diagram_editais.png  used on input line 87.
(pdftex.def)             Requested size: 299.72649pt x 169.98062pt.

Overfull \vbox (9.63177pt too high) detected at line 87
 []



[18

 <./beamerthemesrc/assets/er_diagram_editais.png>]
<beamerthemesrc/assets/admin_edital.png, id=166, 705.38531pt x 406.51875pt>
File: beamerthemesrc/assets/admin_edital.png Graphic file (type png)
<use beamerthemesrc/assets/admin_edital.png>
Package pdftex.def Info: beamerthemesrc/assets/admin_edital.png  used on input line 102.
(pdftex.def)             Requested size: 211.61722pt x 121.95656pt.

Overfull \vbox (16.58548pt too high) detected at line 102
 []



[19

 <./beamerthemesrc/assets/admin_edital.png>]
<beamerthemesrc/assets/lista_editais.png, id=175, 1064.47687pt x 420.82219pt>
File: beamerthemesrc/assets/lista_editais.png Graphic file (type png)
<use beamerthemesrc/assets/lista_editais.png>
Package pdftex.def Info: beamerthemesrc/assets/lista_editais.png  used on input line 114.
(pdftex.def)             Requested size: 191.59756pt x 75.74472pt.
<beamerthemesrc/assets/form_edital.png, id=176, 1042.64531pt x 488.57532pt>
File: beamerthemesrc/assets/form_edital.png Graphic file (type png)
<use beamerthemesrc/assets/form_edital.png>
Package pdftex.def Info: beamerthemesrc/assets/form_edital.png  used on input line 114.
(pdftex.def)             Requested size: 156.39005pt x 73.28313pt.


[20

 <./beamerthemesrc/assets/lista_editais.png> <./beamerthemesrc/assets/form_edital.png>]

[21

]
<beamerthemesrc/assets/er_diagram_escola.png, id=189, 1286.8075pt x 1418.29875pt>
File: beamerthemesrc/assets/er_diagram_escola.png Graphic file (type png)
<use beamerthemesrc/assets/er_diagram_escola.png>
Package pdftex.def Info: beamerthemesrc/assets/er_diagram_escola.png  used on input line 137.
(pdftex.def)             Requested size: 154.21388pt x 169.98062pt.

Overfull \vbox (9.63177pt too high) detected at line 137
 []



[22

 <./beamerthemesrc/assets/er_diagram_escola.png>]
<beamerthemesrc/assets/er_diagram_escola_turma.png, id=195, 422.32782pt x 338.76563pt>
File: beamerthemesrc/assets/er_diagram_escola_turma.png Graphic file (type png)
<use beamerthemesrc/assets/er_diagram_escola_turma.png>
Package pdftex.def Info: beamerthemesrc/assets/er_diagram_escola_turma.png  used on input line 147.
(pdftex.def)             Requested size: 211.91736pt x 169.98062pt.

Overfull \vbox (9.63177pt too high) detected at line 147
 []



[23

 <./beamerthemesrc/assets/er_diagram_escola_turma.png>]
<beamerthemesrc/assets/er_diagram_escola_aluno.png, id=202, 517.18219pt x 607.51968pt>
File: beamerthemesrc/assets/er_diagram_escola_aluno.png Graphic file (type png)
<use beamerthemesrc/assets/er_diagram_escola_aluno.png>
Package pdftex.def Info: beamerthemesrc/assets/er_diagram_escola_aluno.png  used on input line 157.
(pdftex.def)             Requested size: 170.67064pt x 200.4821pt.

Overfull \vbox (40.13326pt too high) detected at line 157
 []



[24

 <./beamerthemesrc/assets/er_diagram_escola_aluno.png>]
<beamerthemesrc/assets/er_diagram_escola_diario.png, id=209, 588.69937pt x 304.13625pt>
File: beamerthemesrc/assets/er_diagram_escola_diario.png Graphic file (type png)
<use beamerthemesrc/assets/er_diagram_escola_diario.png>
Package pdftex.def Info: beamerthemesrc/assets/er_diagram_escola_diario.png  used on input line 167.
(pdftex.def)             Requested size: 329.03162pt x 169.98062pt.

Overfull \vbox (9.63177pt too high) detected at line 167
 []



[25

 <./beamerthemesrc/assets/er_diagram_escola_diario.png>]

[26

]
<beamerthemesrc/assets/admin_professor.png, id=222, 715.17188pt x 515.67656pt>
File: beamerthemesrc/assets/admin_professor.png Graphic file (type png)
<use beamerthemesrc/assets/admin_professor.png>
Package pdftex.def Info: beamerthemesrc/assets/admin_professor.png  used on input line 194.
(pdftex.def)             Requested size: 178.79253pt x 128.91882pt.

Overfull \vbox (12.19096pt too high) detected at line 194
 []



[27

 <./beamerthemesrc/assets/admin_professor.png>]
<beamerthemesrc/assets/admin_aluno.png, id=229, 716.6775pt x 255.20343pt>
File: beamerthemesrc/assets/admin_aluno.png Graphic file (type png)
<use beamerthemesrc/assets/admin_aluno.png>
Package pdftex.def Info: beamerthemesrc/assets/admin_aluno.png  used on input line 209.
(pdftex.def)             Requested size: 286.66592pt x 102.07956pt.


[28

 <./beamerthemesrc/assets/admin_aluno.png>]
<beamerthemesrc/assets/pagina_principal.png, id=236, 1020.06094pt x 641.39626pt>
File: beamerthemesrc/assets/pagina_principal.png Graphic file (type png)
<use beamerthemesrc/assets/pagina_principal.png>
Package pdftex.def Info: beamerthemesrc/assets/pagina_principal.png  used on input line 222.
(pdftex.def)             Requested size: 398.3386pt x 250.46649pt.

Overfull \vbox (132.73863pt too high) detected at line 222
 []



[29

 <./beamerthemesrc/assets/pagina_principal.png>]
<beamerthemesrc/assets/artigos_footer.png, id=243, 730.22812pt x 533.74406pt>
File: beamerthemesrc/assets/artigos_footer.png Graphic file (type png)
<use beamerthemesrc/assets/artigos_footer.png>
Package pdftex.def Info: beamerthemesrc/assets/artigos_footer.png  used on input line 233.
(pdftex.def)             Requested size: 182.55658pt x 133.43568pt.

Overfull \vbox (15.44556pt too high) detected at line 233
 []



[30

 <./beamerthemesrc/assets/artigos_footer.png>]
<beamerthemesrc/assets/artigo.png, id=250, 1005.00468pt x 351.56343pt>
File: beamerthemesrc/assets/artigo.png Graphic file (type png)
<use beamerthemesrc/assets/artigo.png>
Package pdftex.def Info: beamerthemesrc/assets/artigo.png  used on input line 244.
(pdftex.def)             Requested size: 398.3386pt x 139.34077pt.

Overfull \vbox (23.02928pt too high) detected at line 244
 []



[31

 <./beamerthemesrc/assets/artigo.png>]
<beamerthemesrc/assets/responsividade1.png, id=258, 280.79906pt x 611.28375pt>
File: beamerthemesrc/assets/responsividade1.png Graphic file (type png)
<use beamerthemesrc/assets/responsividade1.png>
Package pdftex.def Info: beamerthemesrc/assets/responsividade1.png  used on input line 255.
(pdftex.def)             Requested size: 78.07904pt x 169.98062pt.
<beamerthemesrc/assets/responsividade2.png, id=259, 280.04625pt x 612.03656pt>
File: beamerthemesrc/assets/responsividade2.png Graphic file (type png)
<use beamerthemesrc/assets/responsividade2.png>
Package pdftex.def Info: beamerthemesrc/assets/responsividade2.png  used on input line 255.
(pdftex.def)             Requested size: 77.77571pt x 169.98062pt.
<beamerthemesrc/assets/responsividade3.png, id=260, 281.55188pt x 613.54219pt>
File: beamerthemesrc/assets/responsividade3.png Graphic file (type png)
<use beamerthemesrc/assets/responsividade3.png>
Package pdftex.def Info: beamerthemesrc/assets/responsividade3.png  used on input line 255.
(pdftex.def)             Requested size: 78.00053pt x 169.98062pt.
<beamerthemesrc/assets/responsividade4.png, id=261, 280.79906pt x 614.295pt>
File: beamerthemesrc/assets/responsividade4.png Graphic file (type png)
<use beamerthemesrc/assets/responsividade4.png>
Package pdftex.def Info: beamerthemesrc/assets/responsividade4.png  used on input line 255.
(pdftex.def)             Requested size: 77.69771pt x 169.98062pt.

Overfull \vbox (11.01149pt too high) detected at line 255
 []



[32

 <./beamerthemesrc/assets/responsividade1.png> <./beamerthemesrc/assets/responsividade2.png> <./beamerthemesrc/assets/responsividade3.png> <./beamerthemesrc/assets/responsividade4.png>]) (./main.toc)

[33

] (./contents/Resultados.tex

[34

]

[35

]

[36

]

[37

]) (./main.toc)

[38

] (./contents/Conclusao.tex

[39

]

[40

]) (./main.toc)

[41

] (./contents/Referencias.tex

[42

])
LaTeX Font Info:    Font shape `T1/Crlt-OsF/m/sl' in size <24.88> not available
(Font)              Font shape `T1/Crlt-OsF/m/it' tried instead on input line 31.


[43

]
\tf@nav=\write6
\openout6 = `main.nav'.

\tf@toc=\write7
\openout7 = `main.toc'.

\tf@snm=\write8
\openout8 = `main.snm'.

 (./main.aux)
 ***********
LaTeX2e <2024-06-01> patch level 2
L3 programming layer <2024-07-20>
 ***********
Package rerunfilecheck Info: File `main.out' has not changed.
(rerunfilecheck)             Checksum: 874D3E599ECA19308DFF89EF4BE9D538;502.
 ) 
Here is how much of TeX's memory you used:
 27165 strings out of 473579
 543555 string characters out of 5722169
 1933960 words of memory out of 5000000
 49357 multiletter control sequences out of 15000+600000
 664244 words of font info for 77 fonts, out of 8000000 for 9000
 1141 hyphenation exceptions out of 8191
 128i,13n,123p,410b,937s stack positions out of 10000i,1000n,20000p,200000b,200000s
<d:/Program Files (x86)/texlive/2024/texmf-dist/fonts/type1/google/carlito/Crlt-Bold.pfb><d:/Program Files (x86)/texlive/2024/texmf-dist/fonts/type1/google/carlito/Crlt-Italic.pfb><d:/Program Files (x86)/texlive/2024/texmf-dist/fonts/type1/google/carlito/Crlt-Regular.pfb><d:/Program Files (x86)/texlive/2024/texmf-dist/fonts/type1/public/amsfonts/symbols/msam10.pfb>
Output written on main.pdf (43 pages, 6216382 bytes).
PDF statistics:
 389 PDF objects out of 1000 (max. 8388607)
 273 compressed objects within 3 object streams
 92 named destinations out of 1000 (max. 500000)
 228 words of extra memory for PDF output out of 10000 (max. 10000000)

